<TestRun id="12bb593c-bf4e-43a1-8c45-438e7dd00df8" name="randy@TREIT-XIDAX 2026-07-21T17:13:25.9929619-07:00" runUser="randy" xmlns="http://microsoft.com/schemas/VisualStudio/TeamTest/2010">
  <Times creation="2026-07-21T17:13:25.9929619-07:00" queuing="2026-07-21T17:13:25.9929619-07:00" start="2026-07-21T17:13:25.9929619-07:00" finish="2026-07-22T00:13:31.7101898+00:00" />
  <TestSettings name="default" id="6c4d5628-128d-4c3b-a1a4-ab366a4594ad" />
  <Results>
    <UnitTestResult testName="parity:settings.legacy-malformed-obsolete()" outcome="Passed" testType="13cdc9d9-ddb5-4fa4-a97d-d965ccfc6d4b" testListId="8c84fa94-04c1-424b-9868-57a2d4851a1d" testId="032a2389-433d-4931-ac14-7c608889499e" executionId="032a2389-433d-4931-ac14-7c608889499e" computerName="TREIT-XIDAX" duration="00:00:05.6370534" startTime="2026-07-22T00:13:26.0624365+00:00" endTime="2026-07-22T00:13:31.7101898+00:00" />
  </Results>
  <TestDefinitions>
    <UnitTest name="parity:settings.legacy-malformed-obsolete()" id="032a2389-433d-4931-ac14-7c608889499e" storage="C:\Users\randy\Git\MorseRunnerXPlat\tests\MorseRunner.LegacyParity.Tests\bin\Release\net10.0\MorseRunner.LegacyParity.Tests.dll">
      <Execution id="032a2389-433d-4931-ac14-7c608889499e" />
      <TestMethod codeBase="C:\Users\randy\Git\MorseRunnerXPlat\tests\MorseRunner.LegacyParity.Tests\bin\Release\net10.0\MorseRunner.LegacyParity.Tests.dll" className="MorseRunner.LegacyParity.Tests.LegacyOracleParityTests" name="ManifestCaseMatchesSelectedTarget" adapterTypeName="executor://12bb593c-bf4e-43a1-8c45-438e7dd00df8/xunit.v3/3.2.2" />
    </UnitTest>
  </TestDefinitions>
  <TestEntries>
    <TestEntry testListId="8c84fa94-04c1-424b-9868-57a2d4851a1d" testId="032a2389-433d-4931-ac14-7c608889499e" executionId="032a2389-433d-4931-ac14-7c608889499e" />
  </TestEntries>
  <TestLists>
    <TestList name="Results Not in a List" id="8c84fa94-04c1-424b-9868-57a2d4851a1d" />
    <TestList name="All Loaded Results" id="19431567-8539-422a-85d7-44ee4e166bda" />
  </TestLists>
  <ResultSummary outcome="Completed">
    <Counters total="1" executed="1" passed="1" failed="0" error="0" timeout="0" aborted="0" inconclusive="0" passedButRunAborted="0" notRunnable="0" notExecuted="0" disconnected="0" warning="0" completed="0" inProgress="0" pending="0" />
  </ResultSummary>
</TestRun>