<TestRun id="57c1b44d-2358-4e5b-8e29-14e1623774c7" name="randy@TREIT-XIDAX 2026-07-19T22:35:04.8286114-07:00" runUser="randy" xmlns="http://microsoft.com/schemas/VisualStudio/TeamTest/2010">
  <Times creation="2026-07-19T22:35:04.8286114-07:00" queuing="2026-07-19T22:35:04.8286114-07:00" start="2026-07-19T22:35:04.8286114-07:00" finish="2026-07-20T05:35:06.2021984+00:00" />
  <TestSettings name="default" id="6c4d5628-128d-4c3b-a1a4-ab366a4594ad" />
  <Results>
    <UnitTestResult testName="parity:audio.deterministic-random-primitives-seed-12345()" outcome="Passed" testType="13cdc9d9-ddb5-4fa4-a97d-d965ccfc6d4b" testListId="8c84fa94-04c1-424b-9868-57a2d4851a1d" testId="7b8ed638-e879-4027-9ba8-1d4bd248d42f" executionId="7b8ed638-e879-4027-9ba8-1d4bd248d42f" computerName="TREIT-XIDAX" duration="00:00:01.2816487" startTime="2026-07-20T05:35:04.9090076+00:00" endTime="2026-07-20T05:35:06.2021984+00:00" />
  </Results>
  <TestDefinitions>
    <UnitTest name="parity:audio.deterministic-random-primitives-seed-12345()" id="7b8ed638-e879-4027-9ba8-1d4bd248d42f" storage="C:\Users\randy\Git\MorseRunnerXPlat\tests\MorseRunner.LegacyParity.Tests\bin\Release\net10.0\MorseRunner.LegacyParity.Tests.dll">
      <Execution id="7b8ed638-e879-4027-9ba8-1d4bd248d42f" />
      <TestMethod codeBase="C:\Users\randy\Git\MorseRunnerXPlat\tests\MorseRunner.LegacyParity.Tests\bin\Release\net10.0\MorseRunner.LegacyParity.Tests.dll" className="MorseRunner.LegacyParity.Tests.LegacyOracleParityTests" name="ManifestCaseMatchesSelectedTarget" adapterTypeName="executor://57c1b44d-2358-4e5b-8e29-14e1623774c7/xunit.v3/3.2.2" />
    </UnitTest>
  </TestDefinitions>
  <TestEntries>
    <TestEntry testListId="8c84fa94-04c1-424b-9868-57a2d4851a1d" testId="7b8ed638-e879-4027-9ba8-1d4bd248d42f" executionId="7b8ed638-e879-4027-9ba8-1d4bd248d42f" />
  </TestEntries>
  <TestLists>
    <TestList name="Results Not in a List" id="8c84fa94-04c1-424b-9868-57a2d4851a1d" />
    <TestList name="All Loaded Results" id="19431567-8539-422a-85d7-44ee4e166bda" />
  </TestLists>
  <ResultSummary outcome="Completed">
    <Counters total="1" executed="1" passed="1" failed="0" error="0" timeout="0" aborted="0" inconclusive="0" passedButRunAborted="0" notRunnable="0" notExecuted="0" disconnected="0" warning="0" completed="0" inProgress="0" pending="0" />
  </ResultSummary>
</TestRun>