<TestRun id="8b674770-3b36-4ea0-9da6-a9f471ceddd4" name="randy@TREIT-XIDAX 2026-07-21T10:23:08.8050301-07:00" runUser="randy" xmlns="http://microsoft.com/schemas/VisualStudio/TeamTest/2010">
  <Times creation="2026-07-21T10:23:08.8050301-07:00" queuing="2026-07-21T10:23:08.8050301-07:00" start="2026-07-21T10:23:08.8050301-07:00" finish="2026-07-21T17:23:14.3413638+00:00" />
  <TestSettings name="default" id="6c4d5628-128d-4c3b-a1a4-ab366a4594ad" />
  <Results>
    <UnitTestResult testName="parity:ux.tui-wpm-step-lower-clamp-page-up-from-zero-seed-12345()" outcome="Passed" testType="13cdc9d9-ddb5-4fa4-a97d-d965ccfc6d4b" testListId="8c84fa94-04c1-424b-9868-57a2d4851a1d" testId="ec4427b3-0579-4c43-84d8-e9c109ea9a30" executionId="ec4427b3-0579-4c43-84d8-e9c109ea9a30" computerName="TREIT-XIDAX" duration="00:00:05.4567785" startTime="2026-07-21T17:23:08.8732646+00:00" endTime="2026-07-21T17:23:14.3413638+00:00" />
  </Results>
  <TestDefinitions>
    <UnitTest name="parity:ux.tui-wpm-step-lower-clamp-page-up-from-zero-seed-12345()" id="ec4427b3-0579-4c43-84d8-e9c109ea9a30" storage="C:\Users\randy\Git\MorseRunnerXPlat\tests\MorseRunner.LegacyParity.Tests\bin\Release\net10.0\MorseRunner.LegacyParity.Tests.dll">
      <Execution id="ec4427b3-0579-4c43-84d8-e9c109ea9a30" />
      <TestMethod codeBase="C:\Users\randy\Git\MorseRunnerXPlat\tests\MorseRunner.LegacyParity.Tests\bin\Release\net10.0\MorseRunner.LegacyParity.Tests.dll" className="MorseRunner.LegacyParity.Tests.LegacyOracleParityTests" name="ManifestCaseMatchesSelectedTarget" adapterTypeName="executor://8b674770-3b36-4ea0-9da6-a9f471ceddd4/xunit.v3/3.2.2" />
    </UnitTest>
  </TestDefinitions>
  <TestEntries>
    <TestEntry testListId="8c84fa94-04c1-424b-9868-57a2d4851a1d" testId="ec4427b3-0579-4c43-84d8-e9c109ea9a30" executionId="ec4427b3-0579-4c43-84d8-e9c109ea9a30" />
  </TestEntries>
  <TestLists>
    <TestList name="Results Not in a List" id="8c84fa94-04c1-424b-9868-57a2d4851a1d" />
    <TestList name="All Loaded Results" id="19431567-8539-422a-85d7-44ee4e166bda" />
  </TestLists>
  <ResultSummary outcome="Completed">
    <Counters total="1" executed="1" passed="1" failed="0" error="0" timeout="0" aborted="0" inconclusive="0" passedButRunAborted="0" notRunnable="0" notExecuted="0" disconnected="0" warning="0" completed="0" inProgress="0" pending="0" />
  </ResultSummary>
</TestRun>