<TestRun id="217fa7c7-8ecf-4ed3-8ad4-c1cde69e6608" name="randy@TREIT-XIDAX 2026-07-21T02:15:23.1962114-07:00" runUser="randy" xmlns="http://microsoft.com/schemas/VisualStudio/TeamTest/2010">
  <Times creation="2026-07-21T02:15:23.1962114-07:00" queuing="2026-07-21T02:15:23.1962114-07:00" start="2026-07-21T02:15:23.1962114-07:00" finish="2026-07-21T09:15:28.8962351+00:00" />
  <TestSettings name="default" id="6c4d5628-128d-4c3b-a1a4-ab366a4594ad" />
  <Results>
    <UnitTestResult testName="parity:audio.rit-runtime-plus-50-second-caller-block-seed-12345()" outcome="Passed" testType="13cdc9d9-ddb5-4fa4-a97d-d965ccfc6d4b" testListId="8c84fa94-04c1-424b-9868-57a2d4851a1d" testId="25c12bf5-4f21-48e3-8d43-814a15b20ea7" executionId="25c12bf5-4f21-48e3-8d43-814a15b20ea7" computerName="TREIT-XIDAX" duration="00:00:05.6177196" startTime="2026-07-21T09:15:23.2673551+00:00" endTime="2026-07-21T09:15:28.8962351+00:00" />
  </Results>
  <TestDefinitions>
    <UnitTest name="parity:audio.rit-runtime-plus-50-second-caller-block-seed-12345()" id="25c12bf5-4f21-48e3-8d43-814a15b20ea7" storage="C:\Users\randy\Git\MorseRunnerXPlat\tests\MorseRunner.LegacyParity.Tests\bin\Release\net10.0\MorseRunner.LegacyParity.Tests.dll">
      <Execution id="25c12bf5-4f21-48e3-8d43-814a15b20ea7" />
      <TestMethod codeBase="C:\Users\randy\Git\MorseRunnerXPlat\tests\MorseRunner.LegacyParity.Tests\bin\Release\net10.0\MorseRunner.LegacyParity.Tests.dll" className="MorseRunner.LegacyParity.Tests.LegacyOracleParityTests" name="ManifestCaseMatchesSelectedTarget" adapterTypeName="executor://217fa7c7-8ecf-4ed3-8ad4-c1cde69e6608/xunit.v3/3.2.2" />
    </UnitTest>
  </TestDefinitions>
  <TestEntries>
    <TestEntry testListId="8c84fa94-04c1-424b-9868-57a2d4851a1d" testId="25c12bf5-4f21-48e3-8d43-814a15b20ea7" executionId="25c12bf5-4f21-48e3-8d43-814a15b20ea7" />
  </TestEntries>
  <TestLists>
    <TestList name="Results Not in a List" id="8c84fa94-04c1-424b-9868-57a2d4851a1d" />
    <TestList name="All Loaded Results" id="19431567-8539-422a-85d7-44ee4e166bda" />
  </TestLists>
  <ResultSummary outcome="Completed">
    <Counters total="1" executed="1" passed="1" failed="0" error="0" timeout="0" aborted="0" inconclusive="0" passedButRunAborted="0" notRunnable="0" notExecuted="0" disconnected="0" warning="0" completed="0" inProgress="0" pending="0" />
  </ResultSummary>
</TestRun>