<TestRun id="7a3782c9-4701-459d-9335-7df783e2e421" name="randy@TREIT-XIDAX 2026-07-20T06:49:14.7958421-07:00" runUser="randy" xmlns="http://microsoft.com/schemas/VisualStudio/TeamTest/2010">
  <Times creation="2026-07-20T06:49:14.7958421-07:00" queuing="2026-07-20T06:49:14.7958421-07:00" start="2026-07-20T06:49:14.7958421-07:00" finish="2026-07-20T13:49:16.1503372+00:00" />
  <TestSettings name="default" id="6c4d5628-128d-4c3b-a1a4-ab366a4594ad" />
  <Results>
    <UnitTestResult testName="parity:audio.qrn-burst-station-lifecycle-seed-1903()" outcome="Passed" testType="13cdc9d9-ddb5-4fa4-a97d-d965ccfc6d4b" testListId="8c84fa94-04c1-424b-9868-57a2d4851a1d" testId="99b3d535-02c8-44ee-8985-679d9412f00d" executionId="99b3d535-02c8-44ee-8985-679d9412f00d" computerName="TREIT-XIDAX" duration="00:00:01.2752567" startTime="2026-07-20T13:49:14.8634733+00:00" endTime="2026-07-20T13:49:16.1503372+00:00" />
  </Results>
  <TestDefinitions>
    <UnitTest name="parity:audio.qrn-burst-station-lifecycle-seed-1903()" id="99b3d535-02c8-44ee-8985-679d9412f00d" storage="C:\Users\randy\Git\MorseRunnerXPlat\tests\MorseRunner.LegacyParity.Tests\bin\Release\net10.0\MorseRunner.LegacyParity.Tests.dll">
      <Execution id="99b3d535-02c8-44ee-8985-679d9412f00d" />
      <TestMethod codeBase="C:\Users\randy\Git\MorseRunnerXPlat\tests\MorseRunner.LegacyParity.Tests\bin\Release\net10.0\MorseRunner.LegacyParity.Tests.dll" className="MorseRunner.LegacyParity.Tests.LegacyOracleParityTests" name="ManifestCaseMatchesSelectedTarget" adapterTypeName="executor://7a3782c9-4701-459d-9335-7df783e2e421/xunit.v3/3.2.2" />
    </UnitTest>
  </TestDefinitions>
  <TestEntries>
    <TestEntry testListId="8c84fa94-04c1-424b-9868-57a2d4851a1d" testId="99b3d535-02c8-44ee-8985-679d9412f00d" executionId="99b3d535-02c8-44ee-8985-679d9412f00d" />
  </TestEntries>
  <TestLists>
    <TestList name="Results Not in a List" id="8c84fa94-04c1-424b-9868-57a2d4851a1d" />
    <TestList name="All Loaded Results" id="19431567-8539-422a-85d7-44ee4e166bda" />
  </TestLists>
  <ResultSummary outcome="Completed">
    <Counters total="1" executed="1" passed="1" failed="0" error="0" timeout="0" aborted="0" inconclusive="0" passedButRunAborted="0" notRunnable="0" notExecuted="0" disconnected="0" warning="0" completed="0" inProgress="0" pending="0" />
  </ResultSummary>
</TestRun>