<TestRun id="6a6c7f8a-91be-4611-9ee2-97350b4d2ec3" name="randy@TREIT-XIDAX 2026-07-20T15:25:07.9874382-07:00" runUser="randy" xmlns="http://microsoft.com/schemas/VisualStudio/TeamTest/2010">
  <Times creation="2026-07-20T15:25:07.9874382-07:00" queuing="2026-07-20T15:25:07.9874382-07:00" start="2026-07-20T15:25:07.9874382-07:00" finish="2026-07-20T22:25:08.6135303+00:00" />
  <TestSettings name="default" id="6c4d5628-128d-4c3b-a1a4-ab366a4594ad" />
  <Results>
    <UnitTestResult testName="parity:contest.wpx-midcontest-remote-exchange-format-seed-12345()" outcome="Failed" testType="13cdc9d9-ddb5-4fa4-a97d-d965ccfc6d4b" testListId="8c84fa94-04c1-424b-9868-57a2d4851a1d" testId="2f7e7cdc-6f67-4bbc-ac2f-9d305809fc7e" executionId="2f7e7cdc-6f67-4bbc-ac2f-9d305809fc7e" computerName="TREIT-XIDAX" duration="00:00:00.5287363" startTime="2026-07-20T22:25:08.0534268+00:00" endTime="2026-07-20T22:25:08.6135303+00:00">
      <Output>
        <ErrorInfo>
          <Message>MorseRunner.LegacyParity.Tests.ParityFunctionalDivergenceException : PARITY_FUNCTIONAL_DIVERGENCE|contest.wpx-midcontest-remote-exchange-format-seed-12345|contest-wpx-midcontest-remote-exchange-format-mismatch</Message>
          <StackTrace>   at MorseRunner.LegacyParity.Tests.LegacyOracleParityTests.AssertCertifyingObservation(ParityCertificationCase definition, SelectedParityObservation selected) in C:\Users\randy\Git\MorseRunnerXPlat\tests\MorseRunner.LegacyParity.Tests\LegacyOracleParityTests.cs:line 264
   at MorseRunner.LegacyParity.Tests.LegacyOracleParityTests.AssertCertifyingManifestCaseAsync(String parityId) in C:\Users\randy\Git\MorseRunnerXPlat\tests\MorseRunner.LegacyParity.Tests\LegacyOracleParityTests.cs:line 244
--- End of stack trace from previous location ---</StackTrace>
        </ErrorInfo>
      </Output>
    </UnitTestResult>
  </Results>
  <TestDefinitions>
    <UnitTest name="parity:contest.wpx-midcontest-remote-exchange-format-seed-12345()" id="2f7e7cdc-6f67-4bbc-ac2f-9d305809fc7e" storage="C:\Users\randy\Git\MorseRunnerXPlat\tests\MorseRunner.LegacyParity.Tests\bin\Release\net10.0\MorseRunner.LegacyParity.Tests.dll">
      <Execution id="2f7e7cdc-6f67-4bbc-ac2f-9d305809fc7e" />
      <TestMethod codeBase="C:\Users\randy\Git\MorseRunnerXPlat\tests\MorseRunner.LegacyParity.Tests\bin\Release\net10.0\MorseRunner.LegacyParity.Tests.dll" className="MorseRunner.LegacyParity.Tests.LegacyOracleParityTests" name="ManifestCaseMatchesSelectedTarget" adapterTypeName="executor://6a6c7f8a-91be-4611-9ee2-97350b4d2ec3/xunit.v3/3.2.2" />
    </UnitTest>
  </TestDefinitions>
  <TestEntries>
    <TestEntry testListId="8c84fa94-04c1-424b-9868-57a2d4851a1d" testId="2f7e7cdc-6f67-4bbc-ac2f-9d305809fc7e" executionId="2f7e7cdc-6f67-4bbc-ac2f-9d305809fc7e" />
  </TestEntries>
  <TestLists>
    <TestList name="Results Not in a List" id="8c84fa94-04c1-424b-9868-57a2d4851a1d" />
    <TestList name="All Loaded Results" id="19431567-8539-422a-85d7-44ee4e166bda" />
  </TestLists>
  <ResultSummary outcome="Failed">
    <Counters total="1" executed="1" passed="0" failed="1" error="0" timeout="0" aborted="0" inconclusive="0" passedButRunAborted="0" notRunnable="0" notExecuted="0" disconnected="0" warning="0" completed="0" inProgress="0" pending="0" />
  </ResultSummary>
</TestRun>