<TestRun id="cc6373af-d121-4239-9c0c-3a209091b74c" name="randy@TREIT-XIDAX 2026-07-20T13:34:34.4863499-07:00" runUser="randy" xmlns="http://microsoft.com/schemas/VisualStudio/TeamTest/2010">
  <Times creation="2026-07-20T13:34:34.4863499-07:00" queuing="2026-07-20T13:34:34.4863499-07:00" start="2026-07-20T13:34:34.4863499-07:00" finish="2026-07-20T20:34:35.9171999+00:00" />
  <TestSettings name="default" id="6c4d5628-128d-4c3b-a1a4-ab366a4594ad" />
  <Results>
    <UnitTestResult testName="parity:engine.contest-specific-cq-tu-station-id-seed-12345()" outcome="Passed" testType="13cdc9d9-ddb5-4fa4-a97d-d965ccfc6d4b" testListId="8c84fa94-04c1-424b-9868-57a2d4851a1d" testId="b10a0f42-5e00-4733-a985-9a61ccfcf5f9" executionId="b10a0f42-5e00-4733-a985-9a61ccfcf5f9" computerName="TREIT-XIDAX" duration="00:00:01.3513701" startTime="2026-07-20T20:34:34.5541275+00:00" endTime="2026-07-20T20:34:35.9171999+00:00" />
  </Results>
  <TestDefinitions>
    <UnitTest name="parity:engine.contest-specific-cq-tu-station-id-seed-12345()" id="b10a0f42-5e00-4733-a985-9a61ccfcf5f9" storage="C:\Users\randy\Git\MorseRunnerXPlat\tests\MorseRunner.LegacyParity.Tests\bin\Release\net10.0\MorseRunner.LegacyParity.Tests.dll">
      <Execution id="b10a0f42-5e00-4733-a985-9a61ccfcf5f9" />
      <TestMethod codeBase="C:\Users\randy\Git\MorseRunnerXPlat\tests\MorseRunner.LegacyParity.Tests\bin\Release\net10.0\MorseRunner.LegacyParity.Tests.dll" className="MorseRunner.LegacyParity.Tests.LegacyOracleParityTests" name="ManifestCaseMatchesSelectedTarget" adapterTypeName="executor://cc6373af-d121-4239-9c0c-3a209091b74c/xunit.v3/3.2.2" />
    </UnitTest>
  </TestDefinitions>
  <TestEntries>
    <TestEntry testListId="8c84fa94-04c1-424b-9868-57a2d4851a1d" testId="b10a0f42-5e00-4733-a985-9a61ccfcf5f9" executionId="b10a0f42-5e00-4733-a985-9a61ccfcf5f9" />
  </TestEntries>
  <TestLists>
    <TestList name="Results Not in a List" id="8c84fa94-04c1-424b-9868-57a2d4851a1d" />
    <TestList name="All Loaded Results" id="19431567-8539-422a-85d7-44ee4e166bda" />
  </TestLists>
  <ResultSummary outcome="Completed">
    <Counters total="1" executed="1" passed="1" failed="0" error="0" timeout="0" aborted="0" inconclusive="0" passedButRunAborted="0" notRunnable="0" notExecuted="0" disconnected="0" warning="0" completed="0" inProgress="0" pending="0" />
  </ResultSummary>
</TestRun>