<TestRun id="8b30812e-07fd-45d5-bc5a-fdfaaf7e13a9" name="randy@TREIT-XIDAX 2026-07-21T07:07:41.6389628-07:00" runUser="randy" xmlns="http://microsoft.com/schemas/VisualStudio/TeamTest/2010">
  <Times creation="2026-07-21T07:07:41.6389628-07:00" queuing="2026-07-21T07:07:41.6389628-07:00" start="2026-07-21T07:07:41.6389628-07:00" finish="2026-07-21T14:07:43.0624531+00:00" />
  <TestSettings name="default" id="6c4d5628-128d-4c3b-a1a4-ab366a4594ad" />
  <Results>
    <UnitTestResult testName="parity:ux.tui-wpm-hst-page-up-rounds-32-to-35-seed-12345()" outcome="Failed" testType="13cdc9d9-ddb5-4fa4-a97d-d965ccfc6d4b" testListId="8c84fa94-04c1-424b-9868-57a2d4851a1d" testId="9ca1ebd9-23e0-4ad0-9528-675a961b1ba0" executionId="9ca1ebd9-23e0-4ad0-9528-675a961b1ba0" computerName="TREIT-XIDAX" duration="00:00:01.3226896" startTime="2026-07-21T14:07:41.7070153+00:00" endTime="2026-07-21T14:07:43.0624531+00:00">
      <Output>
        <ErrorInfo>
          <Message>MorseRunner.LegacyParity.Tests.ParityFunctionalDivergenceException : PARITY_FUNCTIONAL_DIVERGENCE|ux.tui-wpm-hst-page-up-rounds-32-to-35-seed-12345|ux-TUI-WPM-HST-page-up-rounding-mismatch</Message>
          <StackTrace>   at MorseRunner.LegacyParity.Tests.LegacyOracleParityTests.AssertCertifyingObservation(ParityCertificationCase definition, SelectedParityObservation selected) in C:\Users\randy\Git\MorseRunnerXPlat\tests\MorseRunner.LegacyParity.Tests\LegacyOracleParityTests.cs:line 264
   at MorseRunner.LegacyParity.Tests.LegacyOracleParityTests.AssertCertifyingManifestCaseAsync(String parityId) in C:\Users\randy\Git\MorseRunnerXPlat\tests\MorseRunner.LegacyParity.Tests\LegacyOracleParityTests.cs:line 244
--- End of stack trace from previous location ---</StackTrace>
        </ErrorInfo>
      </Output>
    </UnitTestResult>
  </Results>
  <TestDefinitions>
    <UnitTest name="parity:ux.tui-wpm-hst-page-up-rounds-32-to-35-seed-12345()" id="9ca1ebd9-23e0-4ad0-9528-675a961b1ba0" storage="C:\Users\randy\Git\MorseRunnerXPlat\tests\MorseRunner.LegacyParity.Tests\bin\Release\net10.0\MorseRunner.LegacyParity.Tests.dll">
      <Execution id="9ca1ebd9-23e0-4ad0-9528-675a961b1ba0" />
      <TestMethod codeBase="C:\Users\randy\Git\MorseRunnerXPlat\tests\MorseRunner.LegacyParity.Tests\bin\Release\net10.0\MorseRunner.LegacyParity.Tests.dll" className="MorseRunner.LegacyParity.Tests.LegacyOracleParityTests" name="ManifestCaseMatchesSelectedTarget" adapterTypeName="executor://8b30812e-07fd-45d5-bc5a-fdfaaf7e13a9/xunit.v3/3.2.2" />
    </UnitTest>
  </TestDefinitions>
  <TestEntries>
    <TestEntry testListId="8c84fa94-04c1-424b-9868-57a2d4851a1d" testId="9ca1ebd9-23e0-4ad0-9528-675a961b1ba0" executionId="9ca1ebd9-23e0-4ad0-9528-675a961b1ba0" />
  </TestEntries>
  <TestLists>
    <TestList name="Results Not in a List" id="8c84fa94-04c1-424b-9868-57a2d4851a1d" />
    <TestList name="All Loaded Results" id="19431567-8539-422a-85d7-44ee4e166bda" />
  </TestLists>
  <ResultSummary outcome="Failed">
    <Counters total="1" executed="1" passed="0" failed="1" error="0" timeout="0" aborted="0" inconclusive="0" passedButRunAborted="0" notRunnable="0" notExecuted="0" disconnected="0" warning="0" completed="0" inProgress="0" pending="0" />
  </ResultSummary>
</TestRun>